2023-09-21 08:30:36|   0.0|  0.0|INFORM|FME 2021.0.2.0 (20210429 - Build 21321 - WIN64)
2023-09-21 08:30:36|   0.0|  0.0|INFORM|FME_HOME is 'C:\Program Files\FME\2021.0.2\'
2023-09-21 08:30:36|   0.0|  0.0|INFORM|FME Database Edition (floating), FME Professional Edition (node locked-crc)
2023-09-21 08:30:36|   0.0|  0.0|INFORM|Serial Number: 8UPD-UL5L-18LT
2023-09-21 08:30:36|   0.0|  0.0|INFORM|Permanent License.
2023-09-21 08:30:36|   0.0|  0.0|INFORM|Machine host name is: LE-L-9GRTT00
2023-09-21 08:30:36|   0.0|  0.0|INFORM|START - ProcessID: 32480, peak process memory usage: 44812 kB, current process memory usage: 44804 kB
2023-09-21 08:30:36|   0.0|  0.0|INFORM|FME Configuration: Command line arguments are `C:\Program Files\FME\2021.0.2\fme.exe' `C:/Users/drother/OneDrive - Laredo Energy/Documents/GitHub_LE-L-9GRTT00/deanrotherKTG/AccountingDataMart_Code/FME\wb-xlate-1695303032292_28984' `LOG_STANDARDOUT' `YES' `LogCountServerName' `{d9084419-ce54-424c-bd88-ea5fe21cf6d3}'
2023-09-21 08:30:36|   0.0|  0.0|INFORM|FME Configuration: Connection Storage: 'C:\Users\drother\AppData\Roaming\Safe Software\FME\'
2023-09-21 08:30:36|   0.1|  0.1|INFORM|Shared folders for formats are : C:\Program Files\FME\2021.0.2\datasources;C:\Users\drother\AppData\Roaming\Safe Software\FME\FME Store\Formats;C:\Users\drother\OneDrive - Laredo Energy\Documents\FME\Formats
2023-09-21 08:30:36|   0.1|  0.0|INFORM|Shared folders for transformers are : C:\Users\drother\AppData\Roaming\Safe Software\FME\Packages\21321-win64\transformers;C:\Program Files\FME\2021.0.2\transformers;C:\Users\drother\AppData\Roaming\Safe Software\FME\FME Store\Transformers
2023-09-21 08:30:36|   0.1|  0.0|INFORM|Shared folders for coordinate systems are : C:\Users\drother\OneDrive - Laredo Energy\Documents\FME\CoordinateSystems
2023-09-21 08:30:36|   0.1|  0.0|INFORM|Shared folders for coordinate system exceptions are : C:\Users\drother\OneDrive - Laredo Energy\Documents\FME\CoordinateSystemExceptions
2023-09-21 08:30:36|   0.1|  0.0|INFORM|Shared folders for coordinate system grid overrides are : C:\Users\drother\OneDrive - Laredo Energy\Documents\FME\CoordinateSystemGridOverrides
2023-09-21 08:30:36|   0.1|  0.0|INFORM|Shared folders for CS-MAP transformation exceptions are : C:\Users\drother\OneDrive - Laredo Energy\Documents\FME\CsmapTransformationExceptions
2023-09-21 08:30:36|   0.1|  0.0|INFORM|Shared folders for transformer categories are : C:\Users\drother\OneDrive - Laredo Energy\Documents\FME\TransformerCategories
2023-09-21 08:30:36|   0.1|  0.0|INFORM|FME Configuration: Reader Keyword is `MULTI_READER'
2023-09-21 08:30:36|   0.1|  0.0|INFORM|FME Configuration: Writer Keyword is `MULTI_WRITER'
2023-09-21 08:30:36|   0.1|  0.0|INFORM|FME Configuration: Writer Group Definition Keyword is `MULTI_WRITER_DEF'
2023-09-21 08:30:36|   0.1|  0.0|INFORM|FME Configuration: Reader type is `MULTI_READER'
2023-09-21 08:30:36|   0.1|  0.0|INFORM|FME Configuration: Writer type is `MULTI_WRITER'
2023-09-21 08:30:36|   0.1|  0.0|INFORM|FME Configuration: No destination coordinate system set
2023-09-21 08:30:36|   0.1|  0.0|INFORM|FME Configuration: Current working folder is `C:\Users\drother\OneDrive - Laredo Energy\Documents\GitHub_LE-L-9GRTT00\deanrotherKTG\AccountingDataMart_Code\FME'
2023-09-21 08:30:36|   0.1|  0.0|INFORM|FME Configuration: Temporary folder is `C:\Users\drother\AppData\Local\Temp\wbrun_1695299756951_28984\fmetmp_6', set from environment variable `FME_TEMP'
2023-09-21 08:30:36|   0.1|  0.0|INFORM|FME Configuration: Cache folder is 'C:\Users\drother\AppData\Local\Temp'
2023-09-21 08:30:36|   0.1|  0.0|INFORM|FME Configuration: FME_HOME is `C:\Program Files\FME\2021.0.2\'
2023-09-21 08:30:36|   0.1|  0.0|INFORM|FME Configuration: FME_BASE is 'no'
2023-09-21 08:30:36|   0.1|  0.0|INFORM|FME Configuration: FME_MF_DIR is 'C:\Users\drother\OneDrive - Laredo Energy\Documents\GitHub_LE-L-9GRTT00\deanrotherKTG\AccountingDataMart_Code\FME/'
2023-09-21 08:30:36|   0.1|  0.0|INFORM|FME Configuration: FME_MF_NAME is 'ImportGLDetail.fmw'
2023-09-21 08:30:36|   0.1|  0.0|INFORM|FME Configuration: FME_PRODUCT_NAME is 'FME(R) 2021.0.2.0'
2023-09-21 08:30:36|   0.1|  0.0|INFORM|System Status: 143.72 GB of disk space available in the FME temporary folder (C:\Users\drother\AppData\Local\Temp\wbrun_1695299756951_28984\fmetmp_6)
2023-09-21 08:30:36|   0.1|  0.0|INFORM|System Status: 15.77 GB of physical memory available
2023-09-21 08:30:36|   0.1|  0.0|INFORM|System Status: 63.08 GB of virtual memory available
2023-09-21 08:30:36|   0.1|  0.0|INFORM|Operating System: Microsoft Windows 10 64-bit  (Build 19045)
2023-09-21 08:30:36|   0.1|  0.0|INFORM|FME Platform: WIN64
2023-09-21 08:30:36|   0.1|  0.0|INFORM|Locale: en_US
2023-09-21 08:30:36|   0.1|  0.0|INFORM|System Encoding: windows-1252
2023-09-21 08:30:36|   0.1|  0.0|INFORM|FME Configuration: Start freeing memory when the process exceeds 47.31 GB
2023-09-21 08:30:36|   0.1|  0.0|INFORM|FME Configuration: Stop freeing memory when the process is below 35.48 GB
2023-09-21 08:30:36|   0.1|  0.0|INFORM|Creating writer for format: 
2023-09-21 08:30:36|   0.1|  0.0|INFORM|Creating reader for format: 
2023-09-21 08:30:36|   0.1|  0.0|INFORM|MULTI_READER(MULTI_READER): Will fail with first member reader failure
2023-09-21 08:30:36|   0.1|  0.0|INFORM|MULTI_READER(MULTI_READER): Adding CSV2 Reader with keyword CSV2_1
2023-09-21 08:30:36|   0.1|  0.0|INFORM|Using Multi Reader with keyword `MULTI_READER' to read multiple datasets
2023-09-21 08:30:36|   0.2|  0.1|INFORM|Creating reader for format: CSV (Comma Separated Value)
2023-09-21 08:30:36|   0.2|  0.0|INFORM|Trying to find a DYNAMIC plugin for reader named `CSV2'
2023-09-21 08:30:36|   0.2|  0.0|WARN  |FME Configuration: Maximum of 10000 feature(s) will be read starting from feature number 1
2023-09-21 08:30:36|   0.2|  0.0|INFORM|Loaded module 'CSV2' from file 'C:\Program Files\FME\2021.0.2\plugins/CSV2.dll'
2023-09-21 08:30:36|   0.2|  0.0|INFORM|FME API version of module 'CSV2' matches current internal version (3.8 20210203)
2023-09-21 08:30:36|   0.2|  0.0|INFORM|CSV reader: Opening dataset 'C:\Users\drother\OneDrive - Laredo Energy\Documents\OSaenz\2023_07_31  GL Data Detail.csv'
2023-09-21 08:30:36|   0.2|  0.0|INFORM|CSV reader: Directive '_TRIM_FEATURE_TYPE_NAME' has the value 'Yes'
2023-09-21 08:30:36|   0.2|  0.0|INFORM|CSV reader: Directive '_DELIMITER' has the value 'auto'
2023-09-21 08:30:36|   0.2|  0.0|INFORM|CSV reader: Directive '_FIELD_NAMES_LINE' has the value '6'
2023-09-21 08:30:36|   0.2|  0.0|INFORM|CSV reader: Directive '_DATA_START_LINE' has the value '7'
2023-09-21 08:30:36|   0.2|  0.0|INFORM|CSV reader: Directive '_MAX_FEATURES' has the value '10000'
2023-09-21 08:30:36|   0.2|  0.0|INFORM|CSV reader: Directive '_SCAN_MAX_ROWS' has the value '10000'
2023-09-21 08:30:36|   0.2|  0.0|INFORM|CSV reader: Directive '_READ_SKIPPED_LINES' has the value 'No'
2023-09-21 08:30:36|   0.2|  0.0|INFORM|CSV reader: Directive '_ENCODING' has the value 'windows-1252'
2023-09-21 08:30:36|   0.2|  0.0|INFORM|CSV reader: Directive 'FME_NAMES_ENCODING' has the value 'windows-1252'
2023-09-21 08:30:36|   0.2|  0.0|INFORM|CSV reader: Directive '_SKIP_DUPLICATE_DELIMITERS' has the value 'No'
2023-09-21 08:30:36|   0.2|  0.0|INFORM|CSV reader: Directive '_FIELD_QUALIFIER_CHARACTER' has the value '"'
2023-09-21 08:30:36|   0.2|  0.0|INFORM|CSV reader: Directive '_FIELD_QUALIFIER_ESCAPE_CHARACTER' has the value '"'
2023-09-21 08:30:36|   0.2|  0.0|INFORM|CSV reader: Directive '_TRIM_FIELD_NAME_QUALIFIERS' has the value 'Yes'
2023-09-21 08:30:36|   0.2|  0.0|INFORM|CSV reader: Directive '_TRIM_FIELD_VALUE_QUALIFIERS' has the value 'Yes'
2023-09-21 08:30:36|   0.2|  0.0|INFORM|CSV reader: Directive '_PRESERVE_SOURCE_ENCODING' has the value 'No'
2023-09-21 08:30:36|   0.2|  0.0|INFORM|CSV reader: Directive '_CASE_SENSITIVE_FIELD_NAMES' has the value 'Yes'
2023-09-21 08:30:36|   0.2|  0.0|INFORM|CSV reader: Directive '_ENFORCE_STRICT_SCHEMA' has the value 'No'
2023-09-21 08:30:36|   0.2|  0.0|INFORM|CSV reader: Directive '_SCAN_TYPES' has the value 'Yes'
2023-09-21 08:30:36|   0.2|  0.0|INFORM|CSV reader: Directive '_SCAN_ADDITIONAL_FIELDS' has the value 'No'
2023-09-21 08:30:36|   0.2|  0.0|INFORM|CSV reader: Directive '_CHUNK_SIZE' has the value '100000'
2023-09-21 08:30:36|   0.2|  0.0|INFORM|CSV reader: Directive '_TRIM_FIELD_NAME_WHITESPACE' has the value 'Yes'
2023-09-21 08:30:36|   0.2|  0.0|INFORM|CSV reader: Directive '_READ_EMPTY_VALUES_AS' has the value 'Null'
2023-09-21 08:30:36|   0.2|  0.0|INFORM|CSV reader: Directive '_REPLACE_ATTR_NAME_INVALID_CHARS' has the value 'Yes'
2023-09-21 08:30:36|   0.2|  0.0|INFORM|Using MultiWriter with keyword `MULTI_WRITER' to output data (ID_ATTRIBUTE is `multi_writer_id')
2023-09-21 08:30:36|   0.2|  0.0|INFORM|Writer output will be ordered by value of multi_writer_id
2023-09-21 08:30:36|   0.3|  0.1|INFORM|Loaded module 'LogCount_func' from file 'C:\Program Files\FME\2021.0.2\plugins/LogCount_func.dll'
2023-09-21 08:30:36|   0.3|  0.0|INFORM|FME API version of module 'LogCount_func' matches current internal version (3.8 20210203)
2023-09-21 08:30:36|   0.3|  0.0|WARN  |CSV reader: Detected excess data and/or delimiters in addition to the defined schema in line 7 with value 'BS,No,0,0,Non-Current Assets,2,Other Assets,N/A,N/A,2022-05-31,10733477,63,1900..110,Other Long Term Assets,CASH ASSURANCE BOND FOR KIMMERIDGE TEXAS GAS LLC,2205-APM-1,APM, , , , ,1907,RAILROAD COMMISSION OF TEXAS,5/31/2022,1900,Long Term Assets,5/1/2022,5/13/2022, 25,000.00 , -   , 25,000.00 , , , , ,' read from file 'C:\Users\drother\OneDrive - Laredo Energy\Documents\OSaenz\2023_07_31  GL Data Detail.csv'.  Excess data will not be read.  This can occur if the file is not uniform in the number of fields per row or if fields have been intentionally removed from the source feature type.  In order to read the excess data, recreate the source feature type and set a larger value for the 'Maximum Rows to Scan' option to scan additional rows for fields.  If the file contains field names, ensure that the field names line represents all of the columns in data rows, or enable the 'Scan for Additional Fields' option.  This may also be caused by a misplaced field qualifier character.  In this case, ensure that field qualifiers in the row are correct, or consider changing the Field Qualifier Character value
2023-09-21 08:30:36|   0.3|  0.0|WARN  |CSV reader: The string ' ' read on line '51' in file 'C:\Users\drother\OneDrive - Laredo Energy\Documents\OSaenz\2023_07_31  GL Data Detail.csv' for field 'Name ID' is not a valid value for type 'UInt16'.  The value will be set to <null>.  This can occur if the value is in a record that is beyond the rows scanned for the schema generation.  In order to read the value correctly, recreate the source feature type and set a larger value for the 'Maximum Rows to Scan' option to scan additional rows for fields.  Alternatively, setting the attribute type to 'string' will allow all values to be read.  Further type conversion errors will not be logged
2023-09-21 08:30:41|   5.4|  5.1|INFORM|DateTimeConverter_1: Processed 7876 features
2023-09-21 08:30:43|   6.8|  1.4|INFORM|FME Configuration: Using connection values from 'srv84.AccountingDataMart_TEST' for MSSQL_ADO_1
2023-09-21 08:30:43|   6.8|  0.0|INFORM|Creating writer for format: Microsoft SQL Server Non-Spatial
2023-09-21 08:30:43|   6.9|  0.1|INFORM|Trying to find a DYNAMIC plugin for writer named `MSSQL_ADO'
2023-09-21 08:30:43|   6.9|  0.0|INFORM|Loaded module 'MSSQL_ADO' from file 'C:\Program Files\FME\2021.0.2\plugins/FME_ADO.dll'
2023-09-21 08:30:43|   6.9|  0.0|INFORM|FME API version of module 'MSSQL_ADO' matches current internal version (3.8 20210203)
2023-09-21 08:30:43|   6.9|  0.0|INFORM|FME Configuration: No destination coordinate system set
2023-09-21 08:30:43|   6.9|  0.0|INFORM|MSSQL_ADO writer: Splitting bulk features into individual features
2023-09-21 08:30:43|   6.9|  0.0|INFORM|FME API version of module 'MSSQL_ADO' matches current internal version (3.8 20210203)
2023-09-21 08:30:43|   6.9|  0.0|INFORM|Writer `MSSQL_ADO_1' of type `MSSQL_ADO' using group definition keyword `MSSQL_ADO_1_DEF'
2023-09-21 08:30:43|   6.9|  0.0|INFORM|FME API version of module 'MSSQL_ADO' matches current internal version (3.8 20210203)
2023-09-21 08:30:43|   6.9|  0.0|INFORM|Microsoft SQL Server Non-Spatial Writer: Opening `AccountingDataMart_TEST' for write operation
2023-09-21 08:30:43|   6.9|  0.0|INFORM|Microsoft SQL Server Non-Spatial Writer: Read 1 DEF line(s).  Found 25 attribute(s)
2023-09-21 08:30:43|   6.9|  0.0|INFORM|Microsoft SQL Server Non-Spatial Writer: Trying to connect using Microsoft OLE DB Driver for SQL Server...
2023-09-21 08:30:43|   7.0|  0.1|INFORM|Microsoft SQL Server Non-Spatial Writer: Dropping table 'dbo.Stage_GLDetailCopy'
2023-09-21 08:30:43|   7.0|  0.0|INFORM|Microsoft SQL Server Non-Spatial Writer: Creating table 'dbo.Stage_GLDetailCopy'
2023-09-21 08:30:48|   7.6|  0.6|INFORM|MSSQL_ADO writer: 4500 of 10000 features written
2023-09-21 08:30:53|   8.2|  0.6|INFORM|MSSQL_ADO writer: 9500 of 10000 features written
2023-09-21 08:30:54|   8.4|  0.2|INFORM|MSSQL_ADO writer: 10000 of 10000 features written
2023-09-21 08:30:54|   8.4|  0.0|INFORM|MULTI_READER(MULTI_READER): Done reading 10000 features from 1 readers
2023-09-21 08:30:54|   8.4|  0.0|INFORM|Emptying factory pipeline
2023-09-21 08:30:54|   8.4|  0.0|STATS |Router and Unexpected Input Remover (RoutingFactory): Tested 10000 input feature(s), wrote 10000 output feature(s): 10000 matched merge filters, 10000 were routed to output, 0 could not be routed.
2023-09-21 08:30:54|   8.4|  0.0|STATS |Unexpected Input Remover Nuker (TeeFactory): Cloned 0 input feature(s) into 0 output feature(s)
2023-09-21 08:30:54|   8.4|  0.0|STATS |CSV_CSV2_1 Splitter (TeeFactory): Cloned 10000 input feature(s) into 10000 output feature(s)
2023-09-21 08:30:54|   8.4|  0.0|STATS |CSV_CSV2_1 Feature Counter -1 6 (TeeFactory): Cloned 10000 input feature(s) into 10000 output feature(s)
2023-09-21 08:30:54|   8.4|  0.0|STATS |DateTimeConverter_1 (TeeFactory): Cloned 10000 input feature(s) into 10000 output feature(s)
2023-09-21 08:30:54|   8.4|  0.0|STATS |DateTimeConverter_Rejector (TestFactory): Tested 10000 input feature(s) -- 0 feature(s) passed and 10000 feature(s) failed
2023-09-21 08:30:54|   8.4|  0.0|STATS |DateTimeConverter_OUTPUT Feature Counter -1 7 (TeeFactory): Cloned 10000 input feature(s) into 10000 output feature(s)
2023-09-21 08:30:54|   8.4|  0.0|STATS |DateTimeConverter_<REJECTED> Feature Counter -1 2147680261 (TeeFactory): Cloned 0 input feature(s) into 0 output feature(s)
2023-09-21 08:30:54|   8.4|  0.0|STATS |DateTimeConverter_<Rejected> (TeeFactory): Cloned 0 input feature(s) into 0 output feature(s)
2023-09-21 08:30:54|   8.4|  0.0|STATS |Destination Feature Type Routing Correlator (RoutingFactory): Tested 10000 input feature(s), wrote 10000 output feature(s): 0 matched merge filters, 10000 were routed to output, 0 could not be routed.
2023-09-21 08:30:54|   8.4|  0.0|STATS |Final Output Nuker (TeeFactory): Cloned 0 input feature(s) into 0 output feature(s)
2023-09-21 08:30:54|   8.4|  0.0|INFORM|Microsoft SQL Server Non-Spatial Writer: Closing `AccountingDataMart_TEST' . Write operation complete
2023-09-21 08:30:54|   8.4|  0.0|INFORM|=-=-=-=-=-=-=-=-=-=-=-=-=-=-=-=-=-=-=-=-=-=-=-=-=-=-=-=-=-=-=-=-=-=-=-=-=-=-=-
2023-09-21 08:30:54|   8.4|  0.0|INFORM|Feature output statistics for `MSSQL_ADO' writer using keyword `MSSQL_ADO_1':
2023-09-21 08:30:54|   8.4|  0.0|STATS |=-=-=-=-=-=-=-=-=-=-=-=-=-=-=-=-=-=-=-=-=-=-=-=-=-=-=-=-=-=-=-=-=-=-=-=-=-=-=-
2023-09-21 08:30:54|   8.4|  0.0|STATS |                               Features Written
2023-09-21 08:30:54|   8.4|  0.0|STATS |=-=-=-=-=-=-=-=-=-=-=-=-=-=-=-=-=-=-=-=-=-=-=-=-=-=-=-=-=-=-=-=-=-=-=-=-=-=-=-
2023-09-21 08:30:54|   8.4|  0.0|STATS |dbo.Stage_GLDetailCopy                                                   10000
2023-09-21 08:30:54|   8.4|  0.0|STATS |==============================================================================
2023-09-21 08:30:54|   8.4|  0.0|STATS |Total Features Written                                                   10000
2023-09-21 08:30:54|   8.4|  0.0|STATS |=-=-=-=-=-=-=-=-=-=-=-=-=-=-=-=-=-=-=-=-=-=-=-=-=-=-=-=-=-=-=-=-=-=-=-=-=-=-=-
2023-09-21 08:30:54|   8.4|  0.0|STATS |=-=-=-=-=-=-=-=-=-=-=-=-=-=-=-=-=-=-=-=-=-=-=-=-=-=-=-=-=-=-=-=-=-=-=-=-=-=-=-
2023-09-21 08:30:54|   8.4|  0.0|STATS |                            Features Read Summary
2023-09-21 08:30:54|   8.4|  0.0|STATS |=-=-=-=-=-=-=-=-=-=-=-=-=-=-=-=-=-=-=-=-=-=-=-=-=-=-=-=-=-=-=-=-=-=-=-=-=-=-=-
2023-09-21 08:30:54|   8.4|  0.0|STATS |CSV                                                                      10000
2023-09-21 08:30:54|   8.4|  0.0|STATS |==============================================================================
2023-09-21 08:30:54|   8.4|  0.0|STATS |Total Features Read                                                      10000
2023-09-21 08:30:54|   8.4|  0.0|STATS |=-=-=-=-=-=-=-=-=-=-=-=-=-=-=-=-=-=-=-=-=-=-=-=-=-=-=-=-=-=-=-=-=-=-=-=-=-=-=-
2023-09-21 08:30:54|   8.4|  0.0|STATS |=-=-=-=-=-=-=-=-=-=-=-=-=-=-=-=-=-=-=-=-=-=-=-=-=-=-=-=-=-=-=-=-=-=-=-=-=-=-=-
2023-09-21 08:30:54|   8.4|  0.0|STATS |                           Features Written Summary
2023-09-21 08:30:54|   8.4|  0.0|STATS |=-=-=-=-=-=-=-=-=-=-=-=-=-=-=-=-=-=-=-=-=-=-=-=-=-=-=-=-=-=-=-=-=-=-=-=-=-=-=-
2023-09-21 08:30:54|   8.4|  0.0|STATS |dbo.Stage_GLDetailCopy                                                   10000
2023-09-21 08:30:54|   8.4|  0.0|STATS |==============================================================================
2023-09-21 08:30:54|   8.4|  0.0|STATS |Total Features Written                                                   10000
2023-09-21 08:30:54|   8.4|  0.0|STATS |=-=-=-=-=-=-=-=-=-=-=-=-=-=-=-=-=-=-=-=-=-=-=-=-=-=-=-=-=-=-=-=-=-=-=-=-=-=-=-
2023-09-21 08:30:54|   8.4|  0.0|INFORM|Translation was SUCCESSFUL with 3 warning(s) (10000 feature(s) output)
2023-09-21 08:30:54|   8.4|  0.0|INFORM|FME Session Duration: 18.1 seconds. (CPU: 7.2s user, 1.1s system)
2023-09-21 08:30:54|   8.4|  0.0|INFORM|END - ProcessID: 32480, peak process memory usage: 148180 kB, current process memory usage: 63160 kB
